TN:
SF:src/index.ts
FN:13,(anonymous_5)
FN:14,(anonymous_6)
FN:14,(anonymous_7)
FN:14,(anonymous_8)
FN:14,(anonymous_9)
FN:14,(anonymous_10)
FN:15,(anonymous_11)
FN:16,(anonymous_12)
FN:16,(anonymous_13)
FN:16,(anonymous_14)
FNF:10
FNH:0
FNDA:0,(anonymous_5)
FNDA:0,(anonymous_6)
FNDA:0,(anonymous_7)
FNDA:0,(anonymous_8)
FNDA:0,(anonymous_9)
FNDA:0,(anonymous_10)
FNDA:0,(anonymous_11)
FNDA:0,(anonymous_12)
FNDA:0,(anonymous_13)
FNDA:0,(anonymous_14)
DA:2,0
DA:3,0
DA:4,0
DA:5,0
DA:6,0
DA:9,0
DA:10,0
DA:13,0
DA:14,0
DA:15,0
DA:16,0
LF:11
LH:0
BRF:0
BRH:0
end_of_record
TN:
SF:src/builders/css-builder.ts
FN:5,(anonymous_0)
FN:6,(anonymous_1)
FN:8,(anonymous_2)
FNF:3
FNH:0
FNDA:0,(anonymous_0)
FNDA:0,(anonymous_1)
FNDA:0,(anonymous_2)
DA:2,0
DA:3,0
DA:5,0
DA:6,0
DA:7,0
DA:8,0
DA:9,0
DA:10,0
DA:14,0
DA:26,0
DA:27,0
DA:28,0
DA:29,0
DA:32,0
DA:33,0
DA:34,0
DA:35,0
DA:36,0
DA:37,0
DA:42,0
DA:43,0
DA:44,0
DA:45,0
DA:49,0
DA:50,0
DA:51,0
DA:52,0
DA:53,0
DA:54,0
DA:58,0
DA:59,0
DA:60,0
DA:61,0
DA:67,0
DA:68,0
DA:69,0
DA:70,0
DA:71,0
DA:72,0
DA:78,0
DA:79,0
DA:80,0
DA:81,0
DA:82,0
DA:83,0
DA:88,0
DA:90,0
LF:47
LH:0
BRDA:7,0,0,0
BRDA:7,0,1,0
BRDA:32,1,0,0
BRDA:32,1,1,0
BRDA:36,2,0,0
BRDA:36,2,1,0
BRDA:36,3,0,0
BRDA:36,3,1,0
BRDA:42,4,0,0
BRDA:42,4,1,0
BRDA:49,5,0,0
BRDA:49,5,1,0
BRDA:51,6,0,0
BRDA:51,6,1,0
BRDA:58,7,0,0
BRDA:58,7,1,0
BRDA:67,8,0,0
BRDA:67,8,1,0
BRDA:71,9,0,0
BRDA:71,9,1,0
BRDA:71,10,0,0
BRDA:71,10,1,0
BRDA:78,11,0,0
BRDA:78,11,1,0
BRDA:82,12,0,0
BRDA:82,12,1,0
BRDA:82,13,0,0
BRDA:82,13,1,0
BRF:28
BRH:0
end_of_record
TN:
SF:src/builders/enterprise-types-builder.ts
FN:4,(anonymous_0)
FN:24,(anonymous_1)
FN:29,(anonymous_2)
FN:34,(anonymous_3)
FN:39,(anonymous_4)
FN:73,(anonymous_5)
FN:78,(anonymous_6)
FN:83,(anonymous_7)
FN:88,(anonymous_8)
FNF:9
FNH:0
FNDA:0,(anonymous_0)
FNDA:0,(anonymous_1)
FNDA:0,(anonymous_2)
FNDA:0,(anonymous_3)
FNDA:0,(anonymous_4)
FNDA:0,(anonymous_5)
FNDA:0,(anonymous_6)
FNDA:0,(anonymous_7)
FNDA:0,(anonymous_8)
DA:1,0
DA:4,0
DA:6,0
DA:7,0
DA:10,0
DA:11,0
DA:14,0
DA:15,0
DA:16,0
DA:19,0
DA:20,0
DA:23,0
DA:24,0
DA:28,0
DA:29,0
DA:33,0
DA:34,0
DA:38,0
DA:39,0
DA:42,0
DA:73,0
DA:78,0
DA:83,0
DA:88,0
LF:24
LH:0
BRDA:6,0,0,0
BRDA:6,0,1,0
BRDA:10,1,0,0
BRDA:10,1,1,0
BRDA:14,2,0,0
BRDA:14,2,1,0
BRDA:15,3,0,0
BRDA:15,3,1,0
BRDA:19,4,0,0
BRDA:19,4,1,0
BRDA:50,5,0,0
BRDA:50,5,1,0
BRDA:54,6,0,0
BRDA:54,6,1,0
BRDA:58,7,0,0
BRDA:58,7,1,0
BRDA:62,8,0,0
BRDA:62,8,1,0
BRF:18
BRH:0
end_of_record
TN:
SF:src/builders/index.ts
FN:1,(anonymous_0)
FN:2,(anonymous_1)
FN:3,(anonymous_2)
FN:3,(anonymous_3)
FN:3,(anonymous_4)
FN:4,(anonymous_5)
FN:5,(anonymous_6)
FN:6,(anonymous_7)
FNF:8
FNH:0
FNDA:0,(anonymous_0)
FNDA:0,(anonymous_1)
FNDA:0,(anonymous_2)
FNDA:0,(anonymous_3)
FNDA:0,(anonymous_4)
FNDA:0,(anonymous_5)
FNDA:0,(anonymous_6)
FNDA:0,(anonymous_7)
DA:1,0
DA:2,0
DA:3,0
DA:4,0
DA:5,0
DA:6,0
LF:6
LH:0
BRF:0
BRH:0
end_of_record
TN:
SF:src/builders/mantine-builder.ts
FN:4,(anonymous_0)
FN:11,(anonymous_1)
FN:12,(anonymous_2)
FN:34,(anonymous_3)
FN:55,(anonymous_4)
FN:55,(anonymous_5)
FN:61,(anonymous_6)
FN:67,(anonymous_7)
FN:88,(anonymous_8)
FN:104,(anonymous_9)
FN:108,(anonymous_10)
FN:109,(anonymous_11)
FNF:12
FNH:0
FNDA:0,(anonymous_0)
FNDA:0,(anonymous_1)
FNDA:0,(anonymous_2)
FNDA:0,(anonymous_3)
FNDA:0,(anonymous_4)
FNDA:0,(anonymous_5)
FNDA:0,(anonymous_6)
FNDA:0,(anonymous_7)
FNDA:0,(anonymous_8)
FNDA:0,(anonymous_9)
FNDA:0,(anonymous_10)
FNDA:0,(anonymous_11)
DA:1,0
DA:4,0
DA:5,0
DA:6,0
DA:7,0
DA:10,0
DA:11,0
DA:14,0
DA:26,0
DA:30,0
DA:33,0
DA:35,0
DA:36,0
DA:40,0
DA:43,0
DA:45,0
DA:55,0
DA:61,0
DA:67,0
DA:88,0
DA:89,0
DA:104,0
DA:105,0
DA:107,0
DA:108,0
DA:109,0
DA:112,0
LF:27
LH:0
BRDA:5,0,0,0
BRDA:5,0,1,0
BRDA:6,1,0,0
BRDA:6,1,1,0
BRDA:7,2,0,0
BRDA:7,2,1,0
BRDA:11,3,0,0
BRDA:11,3,1,0
BRDA:30,4,0,0
BRDA:30,4,1,0
BRDA:35,5,0,0
BRDA:35,5,1,0
BRDA:40,6,0,0
BRDA:40,6,1,0
BRDA:43,7,0,0
BRDA:43,7,1,0
BRDA:47,8,0,0
BRDA:47,8,1,0
BRDA:49,9,0,0
BRDA:49,9,1,0
BRDA:50,10,0,0
BRDA:50,10,1,0
BRDA:51,11,0,0
BRDA:51,11,1,0
BRDA:71,12,0,0
BRDA:71,12,1,0
BRDA:75,13,0,0
BRDA:75,13,1,0
BRDA:76,14,0,0
BRDA:76,14,1,0
BRDA:77,15,0,0
BRDA:77,15,1,0
BRDA:78,16,0,0
BRDA:78,16,1,0
BRDA:79,17,0,0
BRDA:79,17,1,0
BRDA:105,18,0,0
BRDA:105,18,1,0
BRDA:108,19,0,0
BRDA:108,19,1,0
BRDA:114,20,0,0
BRDA:114,20,1,0
BRDA:116,21,0,0
BRDA:116,21,1,0
BRDA:117,22,0,0
BRDA:117,22,1,0
BRDA:118,23,0,0
BRDA:118,23,1,0
BRDA:120,24,0,0
BRDA:120,24,1,0
BRDA:121,25,0,0
BRDA:121,25,1,0
BRDA:122,26,0,0
BRDA:122,26,1,0
BRF:54
BRH:0
end_of_record
TN:
SF:src/builders/tailwind-builder.ts
FN:4,(anonymous_0)
FNF:1
FNH:0
FNDA:0,(anonymous_0)
DA:1,0
DA:4,0
DA:5,0
DA:8,0
DA:9,0
DA:10,0
DA:11,0
DA:13,0
DA:31,0
DA:32,0
DA:33,0
DA:34,0
DA:35,0
DA:36,0
DA:37,0
DA:38,0
DA:40,0
DA:46,0
DA:47,0
DA:48,0
DA:49,0
DA:51,0
DA:52,0
DA:53,0
DA:58,0
DA:59,0
DA:62,0
LF:27
LH:0
BRDA:8,0,0,0
BRDA:8,0,1,0
BRDA:11,1,0,0
BRDA:11,1,1,0
BRDA:11,2,0,0
BRDA:11,2,1,0
BRDA:31,3,0,0
BRDA:31,3,1,0
BRDA:35,4,0,0
BRDA:35,4,1,0
BRDA:37,5,0,0
BRDA:37,5,1,0
BRDA:46,6,0,0
BRDA:46,6,1,0
BRDA:47,7,0,0
BRDA:47,7,1,0
BRDA:48,8,0,0
BRDA:48,8,1,0
BRDA:49,9,0,0
BRDA:49,9,1,0
BRDA:52,10,0,0
BRDA:52,10,1,0
BRDA:58,11,0,0
BRDA:58,11,1,0
BRDA:73,12,0,0
BRDA:73,12,1,0
BRF:26
BRH:0
end_of_record
TN:
SF:src/builders/tamagui-builder.ts
FN:3,buildTamagui
FNF:1
FNH:0
FNDA:0,buildTamagui
DA:1,0
DA:3,0
DA:5,0
DA:8,0
LF:4
LH:0
BRDA:5,0,0,0
BRDA:5,0,1,0
BRDA:36,1,0,0
BRDA:36,1,1,0
BRDA:45,2,0,0
BRDA:45,2,1,0
BRDA:75,3,0,0
BRDA:75,3,1,0
BRDA:76,4,0,0
BRDA:76,4,1,0
BRF:10
BRH:0
end_of_record
TN:
SF:src/builders/typescript-builder.ts
FN:4,(anonymous_0)
FNF:1
FNH:0
FNDA:0,(anonymous_0)
DA:2,0
DA:4,0
DA:5,0
LF:3
LH:0
BRF:0
BRH:0
end_of_record
TN:
SF:src/cli/index.ts
FN:16,(anonymous_0)
FN:29,(anonymous_1)
FN:37,(anonymous_2)
FN:45,(anonymous_3)
FNF:4
FNH:0
FNDA:0,(anonymous_0)
FNDA:0,(anonymous_1)
FNDA:0,(anonymous_2)
FNDA:0,(anonymous_3)
DA:3,0
DA:4,0
DA:5,0
DA:6,0
DA:8,0
DA:13,0
DA:17,0
DA:18,0
DA:19,0
DA:21,0
DA:22,0
DA:26,0
DA:31,0
DA:34,0
DA:39,0
DA:42,0
DA:47,0
DA:50,0
LF:18
LH:0
BRF:0
BRH:0
end_of_record
TN:
SF:src/config/constants.ts
FN:8,(anonymous_1)
FN:10,(anonymous_2)
FNF:2
FNH:0
FNDA:0,(anonymous_1)
FNDA:0,(anonymous_2)
DA:1,0
DA:2,0
DA:4,0
DA:5,0
DA:7,0
DA:9,0
DA:10,0
DA:11,0
LF:8
LH:0
BRDA:10,0,0,0
BRDA:10,0,1,0
BRDA:10,0,2,0
BRDA:10,0,3,0
BRDA:10,0,4,0
BRDA:11,1,0,0
BRDA:11,1,1,0
BRF:7
BRH:0
end_of_record
TN:
SF:src/core/build.ts
FN:11,build
FN:36,(anonymous_2)
FN:41,(anonymous_3)
FNF:3
FNH:0
FNDA:0,build
FNDA:0,(anonymous_2)
FNDA:0,(anonymous_3)
DA:1,0
DA:2,0
DA:3,0
DA:4,0
DA:5,0
DA:7,0
DA:8,0
DA:9,0
DA:12,0
DA:13,0
DA:15,0
DA:16,0
DA:17,0
DA:19,0
DA:20,0
DA:21,0
DA:22,0
DA:23,0
DA:26,0
DA:27,0
DA:32,0
DA:34,0
DA:35,0
DA:36,0
DA:37,0
DA:40,0
DA:41,0
DA:45,0
DA:46,0
DA:47,0
DA:48,0
DA:50,0
DA:60,0
DA:61,0
DA:62,0
DA:63,0
DA:66,0
DA:67,0
DA:69,0
DA:70,0
DA:74,0
LF:41
LH:0
BRDA:20,0,0,0
BRDA:20,0,1,0
BRDA:28,1,0,0
BRDA:28,1,1,0
BRDA:29,2,0,0
BRDA:29,2,1,0
BRDA:34,3,0,0
BRDA:34,3,1,0
BRDA:40,4,0,0
BRDA:40,4,1,0
BRF:10
BRH:0
end_of_record
TN:
SF:src/utils/helpers.ts
FN:1,(anonymous_0)
FN:4,(anonymous_1)
FN:5,(anonymous_2)
FN:7,(anonymous_3)
FN:13,(anonymous_4)
FN:22,(anonymous_5)
FN:33,(anonymous_6)
FN:36,(anonymous_7)
FNF:8
FNH:0
FNDA:0,(anonymous_0)
FNDA:0,(anonymous_1)
FNDA:0,(anonymous_2)
FNDA:0,(anonymous_3)
FNDA:0,(anonymous_4)
FNDA:0,(anonymous_5)
FNDA:0,(anonymous_6)
FNDA:0,(anonymous_7)
DA:1,0
DA:2,0
DA:4,0
DA:5,0
DA:7,0
DA:8,0
DA:9,0
DA:10,0
DA:13,0
DA:14,0
DA:15,0
DA:16,0
DA:17,0
DA:18,0
DA:19,0
DA:22,0
DA:23,0
DA:24,0
DA:25,0
DA:26,0
DA:27,0
DA:30,0
DA:33,0
DA:34,0
DA:36,0
DA:37,0
DA:39,0
DA:41,0
DA:42,0
DA:44,0
DA:45,0
DA:46,0
DA:48,0
DA:50,0
DA:54,0
DA:57,0
LF:36
LH:0
BRDA:7,0,0,0
BRDA:9,1,0,0
BRDA:9,1,1,0
BRDA:10,2,0,0
BRDA:10,2,1,0
BRDA:14,3,0,0
BRDA:14,3,1,0
BRDA:14,4,0,0
BRDA:14,4,1,0
BRDA:14,4,2,0
BRDA:24,5,0,0
BRDA:24,5,1,0
BRDA:26,6,0,0
BRDA:26,6,1,0
BRDA:33,7,0,0
BRDA:36,8,0,0
BRDA:37,9,0,0
BRDA:37,9,1,0
BRDA:37,10,0,0
BRDA:37,10,1,0
BRDA:44,11,0,0
BRDA:44,11,1,0
BRDA:44,12,0,0
BRDA:44,12,1,0
BRDA:46,13,0,0
BRDA:46,13,1,0
BRDA:46,14,0,0
BRDA:46,14,1,0
BRDA:57,15,0,0
BRDA:57,15,1,0
BRF:30
BRH:0
end_of_record
TN:
SF:src/utils/index.ts
FNF:0
FNH:0
DA:2,0
DA:3,0
DA:4,0
DA:5,0
LF:4
LH:0
BRF:0
BRH:0
end_of_record
TN:
SF:src/utils/logger.ts
FN:5,(anonymous_1)
FN:11,(anonymous_2)
FN:17,(anonymous_3)
FN:23,(anonymous_4)
FN:29,(anonymous_5)
FNF:5
FNH:0
FNDA:0,(anonymous_1)
FNDA:0,(anonymous_2)
FNDA:0,(anonymous_3)
FNDA:0,(anonymous_4)
FNDA:0,(anonymous_5)
DA:1,0
DA:4,0
DA:6,0
DA:7,0
DA:8,0
DA:9,0
DA:12,0
DA:13,0
DA:14,0
DA:15,0
DA:18,0
DA:19,0
DA:20,0
DA:21,0
DA:24,0
DA:25,0
DA:26,0
DA:27,0
DA:29,0
LF:19
LH:0
BRDA:5,0,0,0
BRDA:7,1,0,0
BRDA:7,1,1,0
BRDA:8,2,0,0
BRDA:8,2,1,0
BRDA:9,3,0,0
BRDA:9,3,1,0
BRDA:11,4,0,0
BRDA:13,5,0,0
BRDA:13,5,1,0
BRDA:14,6,0,0
BRDA:14,6,1,0
BRDA:15,7,0,0
BRDA:15,7,1,0
BRDA:17,8,0,0
BRDA:19,9,0,0
BRDA:19,9,1,0
BRDA:20,10,0,0
BRDA:20,10,1,0
BRDA:21,11,0,0
BRDA:21,11,1,0
BRDA:23,12,0,0
BRDA:25,13,0,0
BRDA:25,13,1,0
BRDA:26,14,0,0
BRDA:26,14,1,0
BRDA:27,15,0,0
BRDA:27,15,1,0
BRF:28
BRH:0
end_of_record
TN:
SF:src/utils/token-resolution.ts
FN:6,(anonymous_0)
FN:7,(anonymous_1)
FN:26,(anonymous_2)
FN:142,(anonymous_3)
FN:145,(anonymous_4)
FNF:5
FNH:0
FNDA:0,(anonymous_0)
FNDA:0,(anonymous_1)
FNDA:0,(anonymous_2)
FNDA:0,(anonymous_3)
FNDA:0,(anonymous_4)
DA:3,0
DA:4,0
DA:6,0
DA:7,0
DA:8,0
DA:10,0
DA:11,0
DA:12,0
DA:14,0
DA:15,0
DA:17,0
DA:19,0
DA:23,0
DA:26,0
DA:27,0
DA:30,0
DA:31,0
DA:32,0
DA:33,0
DA:38,0
DA:39,0
DA:40,0
DA:41,0
DA:42,0
DA:47,0
DA:48,0
DA:50,0
DA:51,0
DA:52,0
DA:53,0
DA:57,0
DA:58,0
DA:59,0
DA:60,0
DA:61,0
DA:65,0
DA:66,0
DA:67,0
DA:68,0
DA:69,0
DA:73,0
DA:74,0
DA:75,0
DA:76,0
DA:77,0
DA:83,0
DA:84,0
DA:85,0
DA:86,0
DA:87,0
DA:91,0
DA:92,0
DA:93,0
DA:94,0
DA:95,0
DA:99,0
DA:100,0
DA:101,0
DA:102,0
DA:103,0
DA:107,0
DA:108,0
DA:109,0
DA:110,0
DA:111,0
DA:115,0
DA:116,0
DA:117,0
DA:118,0
DA:119,0
DA:123,0
DA:124,0
DA:125,0
DA:126,0
DA:127,0
DA:131,0
DA:132,0
DA:133,0
DA:134,0
DA:135,0
DA:139,0
DA:142,0
DA:143,0
DA:145,0
DA:146,0
DA:148,0
DA:149,0
DA:150,0
DA:152,0
DA:153,0
DA:155,0
DA:157,0
DA:162,0
DA:163,0
DA:164,0
DA:165,0
DA:168,0
DA:169,0
DA:170,0
DA:171,0
DA:176,0
DA:177,0
DA:178,0
DA:179,0
DA:184,0
DA:185,0
DA:186,0
DA:187,0
DA:194,0
DA:195,0
DA:198,0
DA:199,0
DA:202,0
LF:113
LH:0
BRDA:8,0,0,0
BRDA:8,0,1,0
BRDA:8,1,0,0
BRDA:8,1,1,0
BRDA:15,2,0,0
BRDA:15,2,1,0
BRDA:15,3,0,0
BRDA:15,3,1,0
BRDA:30,4,0,0
BRDA:30,4,1,0
BRDA:33,5,0,0
BRDA:33,5,1,0
BRDA:33,6,0,0
BRDA:33,6,1,0
BRDA:38,7,0,0
BRDA:38,7,1,0
BRDA:41,8,0,0
BRDA:41,8,1,0
BRDA:41,9,0,0
BRDA:41,9,1,0
BRDA:42,10,0,0
BRDA:42,10,1,0
BRDA:47,11,0,0
BRDA:47,11,1,0
BRDA:50,12,0,0
BRDA:50,12,1,0
BRDA:53,13,0,0
BRDA:53,13,1,0
BRDA:53,14,0,0
BRDA:53,14,1,0
BRDA:57,15,0,0
BRDA:57,15,1,0
BRDA:60,16,0,0
BRDA:60,16,1,0
BRDA:60,17,0,0
BRDA:60,17,1,0
BRDA:61,18,0,0
BRDA:61,18,1,0
BRDA:65,19,0,0
BRDA:65,19,1,0
BRDA:68,20,0,0
BRDA:68,20,1,0
BRDA:68,21,0,0
BRDA:68,21,1,0
BRDA:69,22,0,0
BRDA:69,22,1,0
BRDA:73,23,0,0
BRDA:73,23,1,0
BRDA:76,24,0,0
BRDA:76,24,1,0
BRDA:76,25,0,0
BRDA:76,25,1,0
BRDA:77,26,0,0
BRDA:77,26,1,0
BRDA:83,27,0,0
BRDA:83,27,1,0
BRDA:86,28,0,0
BRDA:86,28,1,0
BRDA:86,29,0,0
BRDA:86,29,1,0
BRDA:87,30,0,0
BRDA:87,30,1,0
BRDA:91,31,0,0
BRDA:91,31,1,0
BRDA:94,32,0,0
BRDA:94,32,1,0
BRDA:94,33,0,0
BRDA:94,33,1,0
BRDA:95,34,0,0
BRDA:95,34,1,0
BRDA:99,35,0,0
BRDA:99,35,1,0
BRDA:102,36,0,0
BRDA:102,36,1,0
BRDA:102,37,0,0
BRDA:102,37,1,0
BRDA:103,38,0,0
BRDA:103,38,1,0
BRDA:107,39,0,0
BRDA:107,39,1,0
BRDA:110,40,0,0
BRDA:110,40,1,0
BRDA:110,41,0,0
BRDA:110,41,1,0
BRDA:111,42,0,0
BRDA:111,42,1,0
BRDA:115,43,0,0
BRDA:115,43,1,0
BRDA:118,44,0,0
BRDA:118,44,1,0
BRDA:118,45,0,0
BRDA:118,45,1,0
BRDA:119,46,0,0
BRDA:119,46,1,0
BRDA:123,47,0,0
BRDA:123,47,1,0
BRDA:126,48,0,0
BRDA:126,48,1,0
BRDA:126,49,0,0
BRDA:126,49,1,0
BRDA:127,50,0,0
BRDA:127,50,1,0
BRDA:131,51,0,0
BRDA:131,51,1,0
BRDA:134,52,0,0
BRDA:134,52,1,0
BRDA:134,53,0,0
BRDA:134,53,1,0
BRDA:146,54,0,0
BRDA:146,54,1,0
BRDA:146,55,0,0
BRDA:146,55,1,0
BRDA:153,56,0,0
BRDA:153,56,1,0
BRDA:153,57,0,0
BRDA:153,57,1,0
BRDA:162,58,0,0
BRDA:162,58,1,0
BRDA:163,59,0,0
BRDA:163,59,1,0
BRDA:164,60,0,0
BRDA:164,60,1,0
BRDA:165,61,0,0
BRDA:165,61,1,0
BRDA:168,62,0,0
BRDA:168,62,1,0
BRDA:170,63,0,0
BRDA:170,63,1,0
BRDA:170,64,0,0
BRDA:170,64,1,0
BRDA:176,65,0,0
BRDA:176,65,1,0
BRDA:178,66,0,0
BRDA:178,66,1,0
BRDA:178,67,0,0
BRDA:178,67,1,0
BRDA:184,68,0,0
BRDA:184,68,1,0
BRDA:186,69,0,0
BRDA:186,69,1,0
BRDA:186,70,0,0
BRDA:186,70,1,0
BRDA:194,71,0,0
BRDA:194,71,1,0
BRDA:198,72,0,0
BRDA:198,72,1,0
BRF:146
BRH:0
end_of_record
TN:
SF:src/utils/validation.ts
FN:4,(anonymous_1)
FN:36,(anonymous_2)
FN:46,(anonymous_3)
FN:52,(anonymous_4)
FNF:4
FNH:0
FNDA:0,(anonymous_1)
FNDA:0,(anonymous_2)
FNDA:0,(anonymous_3)
FNDA:0,(anonymous_4)
DA:1,0
DA:4,0
DA:5,0
DA:6,0
DA:33,0
DA:36,0
DA:37,0
DA:38,0
DA:40,0
DA:45,0
DA:46,0
DA:47,0
DA:51,0
DA:52,0
DA:53,0
DA:54,0
DA:58,0
DA:59,0
DA:62,0
LF:19
LH:0
BRDA:45,0,0,0
BRDA:45,0,1,0
BRDA:47,1,0,0
BRDA:47,1,1,0
BRDA:51,2,0,0
BRDA:51,2,1,0
BRDA:53,3,0,0
BRDA:53,3,1,0
BRDA:53,4,0,0
BRDA:53,4,1,0
BRDA:53,4,2,0
BRDA:58,5,0,0
BRDA:58,5,1,0
BRF:13
BRH:0
end_of_record
